<?xml version="1.0" encoding="UTF-8"?>
<testsuite xmlns:xsi="http://www.w3.org/2001/XMLSchema-instance" xsi:noNamespaceSchemaLocation="https://maven.apache.org/surefire/maven-surefire-plugin/xsd/surefire-test-report.xsd" name="GameLogic.BoardTest" time="0.07" tests="8" errors="0" skipped="0" failures="0">
  <properties>
    <property name="java.specification.version" value="13"/>
    <property name="sun.jnu.encoding" value="UTF-8"/>
    <property name="java.class.path" value="/Users/jasontan/Documents/SFU/Semester/Spring 2020/CMPT 276/project/target/test-classes:/Users/jasontan/Documents/SFU/Semester/Spring 2020/CMPT 276/project/target/classes:/Users/jasontan/.m2/repository/org/junit/jupiter/junit-jupiter-api/5.4.2/junit-jupiter-api-5.4.2.jar:/Users/jasontan/.m2/repository/org/apiguardian/apiguardian-api/1.0.0/apiguardian-api-1.0.0.jar:/Users/jasontan/.m2/repository/org/opentest4j/opentest4j/1.1.1/opentest4j-1.1.1.jar:/Users/jasontan/.m2/repository/org/junit/platform/junit-platform-commons/1.4.2/junit-platform-commons-1.4.2.jar:/Users/jasontan/.m2/repository/org/junit/jupiter/junit-jupiter-engine/5.4.2/junit-jupiter-engine-5.4.2.jar:/Users/jasontan/.m2/repository/org/junit/platform/junit-platform-engine/1.4.2/junit-platform-engine-1.4.2.jar:/Users/jasontan/.m2/repository/org/junit/jupiter/junit-jupiter-params/5.4.2/junit-jupiter-params-5.4.2.jar:"/>
    <property name="java.vm.vendor" value="Oracle Corporation"/>
    <property name="sun.arch.data.model" value="64"/>
    <property name="java.vendor.url" value="https://java.oracle.com/"/>
    <property name="os.name" value="Mac OS X"/>
    <property name="java.vm.specification.version" value="13"/>
    <property name="sun.java.launcher" value="SUN_STANDARD"/>
    <property name="user.country" value="CA"/>
    <property name="sun.boot.library.path" value="/Library/Java/JavaVirtualMachines/jdk-13.jdk/Contents/Home/lib"/>
    <property name="sun.java.command" value="/Users/jasontan/Documents/SFU/Semester/Spring 2020/CMPT 276/project/target/surefire/surefirebooter1836358635811474032.jar /Users/jasontan/Documents/SFU/Semester/Spring 2020/CMPT 276/project/target/surefire 2020-03-29T19-18-47_637-jvmRun1 surefire10199522057007522767tmp surefire_011862374941226137717tmp"/>
    <property name="http.nonProxyHosts" value="local|*.local|169.254/16|*.169.254/16"/>
    <property name="jdk.debug" value="release"/>
    <property name="surefire.test.class.path" value="/Users/jasontan/Documents/SFU/Semester/Spring 2020/CMPT 276/project/target/test-classes:/Users/jasontan/Documents/SFU/Semester/Spring 2020/CMPT 276/project/target/classes:/Users/jasontan/.m2/repository/org/junit/jupiter/junit-jupiter-api/5.4.2/junit-jupiter-api-5.4.2.jar:/Users/jasontan/.m2/repository/org/apiguardian/apiguardian-api/1.0.0/apiguardian-api-1.0.0.jar:/Users/jasontan/.m2/repository/org/opentest4j/opentest4j/1.1.1/opentest4j-1.1.1.jar:/Users/jasontan/.m2/repository/org/junit/platform/junit-platform-commons/1.4.2/junit-platform-commons-1.4.2.jar:/Users/jasontan/.m2/repository/org/junit/jupiter/junit-jupiter-engine/5.4.2/junit-jupiter-engine-5.4.2.jar:/Users/jasontan/.m2/repository/org/junit/platform/junit-platform-engine/1.4.2/junit-platform-engine-1.4.2.jar:/Users/jasontan/.m2/repository/org/junit/jupiter/junit-jupiter-params/5.4.2/junit-jupiter-params-5.4.2.jar:"/>
    <property name="sun.cpu.endian" value="little"/>
    <property name="user.home" value="/Users/jasontan"/>
    <property name="user.language" value="en"/>
    <property name="java.specification.vendor" value="Oracle Corporation"/>
    <property name="java.version.date" value="2019-09-17"/>
    <property name="java.home" value="/Library/Java/JavaVirtualMachines/jdk-13.jdk/Contents/Home"/>
    <property name="file.separator" value="/"/>
    <property name="basedir" value="/Users/jasontan/Documents/SFU/Semester/Spring 2020/CMPT 276/project"/>
    <property name="java.vm.compressedOopsMode" value="Zero based"/>
    <property name="line.separator" value="&#10;"/>
    <property name="java.specification.name" value="Java Platform API Specification"/>
    <property name="java.vm.specification.vendor" value="Oracle Corporation"/>
    <property name="surefire.real.class.path" value="/Users/jasontan/Documents/SFU/Semester/Spring 2020/CMPT 276/project/target/surefire/surefirebooter1836358635811474032.jar"/>
    <property name="sun.management.compiler" value="HotSpot 64-Bit Tiered Compilers"/>
    <property name="ftp.nonProxyHosts" value="local|*.local|169.254/16|*.169.254/16"/>
    <property name="java.runtime.version" value="13+33"/>
    <property name="user.name" value="jasontan"/>
    <property name="path.separator" value=":"/>
    <property name="os.version" value="10.15.4"/>
    <property name="java.runtime.name" value="Java(TM) SE Runtime Environment"/>
    <property name="file.encoding" value="UTF-8"/>
    <property name="java.vm.name" value="Java HotSpot(TM) 64-Bit Server VM"/>
    <property name="localRepository" value="/Users/jasontan/.m2/repository"/>
    <property name="java.vendor.url.bug" value="https://bugreport.java.com/bugreport/"/>
    <property name="java.io.tmpdir" value="/var/folders/rk/293l_8q50cx6f_8dtgw7lj_c0000gn/T/"/>
    <property name="java.version" value="13"/>
    <property name="user.dir" value="/Users/jasontan/Documents/SFU/Semester/Spring 2020/CMPT 276/project"/>
    <property name="os.arch" value="x86_64"/>
    <property name="java.vm.specification.name" value="Java Virtual Machine Specification"/>
    <property name="java.library.path" value="/Users/jasontan/Library/Java/Extensions:/Library/Java/Extensions:/Network/Library/Java/Extensions:/System/Library/Java/Extensions:/usr/lib/java:."/>
    <property name="java.vm.info" value="mixed mode, sharing"/>
    <property name="java.vendor" value="Oracle Corporation"/>
    <property name="java.vm.version" value="13+33"/>
    <property name="sun.io.unicode.encoding" value="UnicodeBig"/>
    <property name="socksNonProxyHosts" value="local|*.local|169.254/16|*.169.254/16"/>
    <property name="java.class.version" value="57.0"/>
  </properties>
  <testcase name="numberOfTrapBCreatedBasedOnLevel{int}[1]" classname="GameLogic.BoardTest" time="0.029"/>
  <testcase name="numberOfTrapBCreatedBasedOnLevel{int}[2]" classname="GameLogic.BoardTest" time="0.003"/>
  <testcase name="numberOfTrapBCreatedBasedOnLevel{int}[3]" classname="GameLogic.BoardTest" time="0.002"/>
  <testcase name="numberOfTrapACreatedBasedOnLevel{int}[1]" classname="GameLogic.BoardTest" time="0.001"/>
  <testcase name="numberOfTrapACreatedBasedOnLevel{int}[2]" classname="GameLogic.BoardTest" time="0.001"/>
  <testcase name="numberOfTrapACreatedBasedOnLevel{int}[3]" classname="GameLogic.BoardTest" time="0.001"/>
  <testcase name="totalDamageDeductionCheck" classname="GameLogic.BoardTest" time="0.001"/>
  <testcase name="trapLocationBounds" classname="GameLogic.BoardTest" time="0.001"/>
</testsuite>